--------------------------------------------------------------------------------
Release 14.3 Trace  (nt64)
Copyright (c) 1995-2012 Xilinx, Inc.  All rights reserved.

C:\Xilinx\14.3\ISE_DS\ISE\bin\nt64\unwrapped\trce.exe -intstyle ise -v 3 -s 5
-n 3 -fastpaths -xml display_text.twx display_text.ncd -o display_text.twr
display_text.pcf

Design file:              display_text.ncd
Physical constraint file: display_text.pcf
Device,package,speed:     xc3s100e,cp132,-5 (PRODUCTION 1.27 2012-10-12)
Report level:             verbose report

Environment Variable      Effect 
--------------------      ------ 
NONE                      No environment variables were set
--------------------------------------------------------------------------------

INFO:Timing:2698 - No timing constraints found, doing default enumeration.
INFO:Timing:3412 - To improve timing, see the Timing Closure User Guide (UG612).
INFO:Timing:2752 - To get complete path coverage, use the unconstrained paths 
   option. All paths that are not constrained will be reported in the 
   unconstrained paths section(s) of the report.
INFO:Timing:3339 - The clock-to-out numbers in this timing report are based on 
   a 50 Ohm transmission line loading model.  For the details of this model, 
   and for more information on accounting for different loading conditions, 
   please see the device datasheet.
INFO:Timing:3390 - This architecture does not support a default System Jitter 
   value, please add SYSTEM_JITTER constraint to the UCF to modify the Clock 
   Uncertainty calculation.
INFO:Timing:3389 - This architecture does not support 'Discrete Jitter' and 
   'Phase Error' calculations, these terms will be zero in the Clock 
   Uncertainty calculation.  Please make appropriate modification to 
   SYSTEM_JITTER to account for the unsupported Discrete Jitter and Phase 
   Error.



Data Sheet report:
-----------------
All values displayed in nanoseconds (ns)

Clock clk to Pad
----------------+------------+------------------+--------+
                | clk (edge) |                  | Clock  |
Destination     |   to PAD   |Internal Clock(s) | Phase  |
----------------+------------+------------------+--------+
digit_select<0> |    9.213(R)|clk_BUFGP         |   0.000|
digit_select<1> |    8.894(R)|clk_BUFGP         |   0.000|
digit_select<2> |    8.974(R)|clk_BUFGP         |   0.000|
digit_select<3> |   10.043(R)|clk_BUFGP         |   0.000|
seven_segment<0>|    9.308(R)|clk_BUFGP         |   0.000|
seven_segment<1>|    7.488(R)|clk_BUFGP         |   0.000|
seven_segment<2>|    8.373(R)|clk_BUFGP         |   0.000|
seven_segment<3>|    8.349(R)|clk_BUFGP         |   0.000|
seven_segment<6>|    9.371(R)|clk_BUFGP         |   0.000|
----------------+------------+------------------+--------+

Clock to Setup on destination clock clk
---------------+---------+---------+---------+---------+
               | Src:Rise| Src:Fall| Src:Rise| Src:Fall|
Source Clock   |Dest:Rise|Dest:Rise|Dest:Fall|Dest:Fall|
---------------+---------+---------+---------+---------+
clk            |    2.758|         |         |         |
---------------+---------+---------+---------+---------+


Analysis completed Thu Apr 04 15:48:45 2013 
--------------------------------------------------------------------------------

Trace Settings:
-------------------------
Trace Settings 

Peak Memory Usage: 146 MB



