--------------------------------------------------------------------------------
Release 14.3 Trace  (nt64)
Copyright (c) 1995-2012 Xilinx, Inc.  All rights reserved.

C:\Xilinx\14.3\ISE_DS\ISE\bin\nt64\unwrapped\trce.exe -intstyle ise -v 3 -s 5
-n 3 -fastpaths -xml vending_machine.twx vending_machine.ncd -o
vending_machine.twr vending_machine.pcf

Design file:              vending_machine.ncd
Physical constraint file: vending_machine.pcf
Device,package,speed:     xc3s100e,cp132,-5 (PRODUCTION 1.27 2012-10-12)
Report level:             verbose report

Environment Variable      Effect 
--------------------      ------ 
NONE                      No environment variables were set
--------------------------------------------------------------------------------

INFO:Timing:2698 - No timing constraints found, doing default enumeration.
INFO:Timing:3412 - To improve timing, see the Timing Closure User Guide (UG612).
INFO:Timing:2752 - To get complete path coverage, use the unconstrained paths 
   option. All paths that are not constrained will be reported in the 
   unconstrained paths section(s) of the report.
INFO:Timing:3339 - The clock-to-out numbers in this timing report are based on 
   a 50 Ohm transmission line loading model.  For the details of this model, 
   and for more information on accounting for different loading conditions, 
   please see the device datasheet.
INFO:Timing:3390 - This architecture does not support a default System Jitter 
   value, please add SYSTEM_JITTER constraint to the UCF to modify the Clock 
   Uncertainty calculation.
INFO:Timing:3389 - This architecture does not support 'Discrete Jitter' and 
   'Phase Error' calculations, these terms will be zero in the Clock 
   Uncertainty calculation.  Please make appropriate modification to 
   SYSTEM_JITTER to account for the unsupported Discrete Jitter and Phase 
   Error.



Data Sheet report:
-----------------
All values displayed in nanoseconds (ns)

Setup/Hold to clock clk_man
------------+------------+------------+------------------+--------+
            |Max Setup to|Max Hold to |                  | Clock  |
Source      | clk (edge) | clk (edge) |Internal Clock(s) | Phase  |
------------+------------+------------+------------------+--------+
buy         |   -1.250(R)|    2.856(R)|clk               |   0.000|
coin2       |   -0.961(R)|    2.624(R)|clk               |   0.000|
coin5       |   -1.059(R)|    2.702(R)|clk               |   0.000|
price<0>    |   -0.441(R)|    2.600(R)|clk               |   0.000|
price<1>    |   -0.327(R)|    2.117(R)|clk               |   0.000|
price<2>    |   -1.427(R)|    2.991(R)|clk               |   0.000|
price<3>    |   -1.240(R)|    2.842(R)|clk               |   0.000|
price<4>    |   -1.750(R)|    3.251(R)|clk               |   0.000|
price<5>    |   -1.314(R)|    2.902(R)|clk               |   0.000|
reset       |   -1.788(R)|    3.280(R)|clk               |   0.000|
------------+------------+------------+------------------+--------+

Setup/Hold to clock sel_man
------------+------------+------------+------------------+--------+
            |Max Setup to|Max Hold to |                  | Clock  |
Source      | clk (edge) | clk (edge) |Internal Clock(s) | Phase  |
------------+------------+------------+------------------+--------+
buy         |   -1.843(R)|    3.597(R)|clk               |   0.000|
coin2       |   -1.554(R)|    3.365(R)|clk               |   0.000|
coin5       |   -1.652(R)|    3.443(R)|clk               |   0.000|
price<0>    |   -1.034(R)|    3.341(R)|clk               |   0.000|
price<1>    |   -0.920(R)|    2.858(R)|clk               |   0.000|
price<2>    |   -2.020(R)|    3.732(R)|clk               |   0.000|
price<3>    |   -1.833(R)|    3.583(R)|clk               |   0.000|
price<4>    |   -2.343(R)|    3.992(R)|clk               |   0.000|
price<5>    |   -1.907(R)|    3.643(R)|clk               |   0.000|
reset       |   -2.381(R)|    4.021(R)|clk               |   0.000|
------------+------------+------------+------------------+--------+

Clock clk_50 to Pad
------------+------------+------------------+--------+
            | clk (edge) |                  | Clock  |
Destination |   to PAD   |Internal Clock(s) | Phase  |
------------+------------+------------------+--------+
tx          |   12.080(R)|clk_50_BUFGP      |   0.000|
------------+------------+------------------+--------+

Clock clk_man to Pad
----------------+------------+------------------+--------+
                | clk (edge) |                  | Clock  |
Destination     |   to PAD   |Internal Clock(s) | Phase  |
----------------+------------+------------------+--------+
alarm           |   12.292(R)|clk               |   0.000|
digit_select<0> |   11.874(R)|clk               |   0.000|
digit_select<1> |   12.110(R)|clk               |   0.000|
digit_select<2> |   12.334(R)|clk               |   0.000|
digit_select<3> |   12.135(R)|clk               |   0.000|
release_can     |   10.931(R)|clk               |   0.000|
seven_segment<0>|   17.549(R)|clk               |   0.000|
seven_segment<1>|   17.842(R)|clk               |   0.000|
seven_segment<2>|   17.740(R)|clk               |   0.000|
seven_segment<3>|   17.960(R)|clk               |   0.000|
seven_segment<4>|   18.129(R)|clk               |   0.000|
seven_segment<5>|   17.003(R)|clk               |   0.000|
seven_segment<6>|   17.749(R)|clk               |   0.000|
tx              |   15.979(R)|clk               |   0.000|
----------------+------------+------------------+--------+

Clock sel_man to Pad
----------------+------------+------------------+--------+
                | clk (edge) |                  | Clock  |
Destination     |   to PAD   |Internal Clock(s) | Phase  |
----------------+------------+------------------+--------+
alarm           |   13.033(R)|clk               |   0.000|
digit_select<0> |   12.615(R)|clk               |   0.000|
digit_select<1> |   12.851(R)|clk               |   0.000|
digit_select<2> |   13.075(R)|clk               |   0.000|
digit_select<3> |   12.876(R)|clk               |   0.000|
release_can     |   11.672(R)|clk               |   0.000|
seven_segment<0>|   18.290(R)|clk               |   0.000|
seven_segment<1>|   18.583(R)|clk               |   0.000|
seven_segment<2>|   18.481(R)|clk               |   0.000|
seven_segment<3>|   18.701(R)|clk               |   0.000|
seven_segment<4>|   18.870(R)|clk               |   0.000|
seven_segment<5>|   17.744(R)|clk               |   0.000|
seven_segment<6>|   18.490(R)|clk               |   0.000|
tx              |   16.720(R)|clk               |   0.000|
----------------+------------+------------------+--------+

Clock to Setup on destination clock clk_50
---------------+---------+---------+---------+---------+
               | Src:Rise| Src:Fall| Src:Rise| Src:Fall|
Source Clock   |Dest:Rise|Dest:Rise|Dest:Fall|Dest:Fall|
---------------+---------+---------+---------+---------+
clk_50         |    3.837|         |         |         |
clk_man        |    7.312|         |         |         |
sel_man        |    7.312|         |         |         |
---------------+---------+---------+---------+---------+

Clock to Setup on destination clock clk_man
---------------+---------+---------+---------+---------+
               | Src:Rise| Src:Fall| Src:Rise| Src:Fall|
Source Clock   |Dest:Rise|Dest:Rise|Dest:Fall|Dest:Fall|
---------------+---------+---------+---------+---------+
clk_man        |    6.225|         |         |         |
sel_man        |    6.225|         |         |         |
---------------+---------+---------+---------+---------+

Clock to Setup on destination clock sel_man
---------------+---------+---------+---------+---------+
               | Src:Rise| Src:Fall| Src:Rise| Src:Fall|
Source Clock   |Dest:Rise|Dest:Rise|Dest:Fall|Dest:Fall|
---------------+---------+---------+---------+---------+
clk_man        |    6.225|         |         |         |
sel_man        |    6.225|         |         |         |
---------------+---------+---------+---------+---------+


Analysis completed Thu May 02 21:06:06 2013 
--------------------------------------------------------------------------------

Trace Settings:
-------------------------
Trace Settings 

Peak Memory Usage: 150 MB



